# JRE version: OpenJDK Runtime Environment Temurin-17.0.6+10 (17.0.6+10) (build 17.0.6+10)
# Java VM: OpenJDK 64-Bit Server VM Temurin-17.0.6+10 (17.0.6+10, mixed mode, tiered, compressed oops, compressed class ptrs, g1 gc, windows-amd64)
GC Precious Log:
 CPUs: 8 total, 8 available
 Memory: 16265M
 Large Page Support: Disabled
 NUMA Support: Disabled
 Compressed Oops: Enabled (Zero based)
 Heap Region Size: 2M
 Heap Min Capacity: 8M
 Heap Initial Capacity: 256M
 Heap Max Capacity: 4068M
 Pre-touch: Disabled
 Parallel Workers: 8
 Concurrent Workers: 2
 Concurrent Refinement Workers: 8
 Periodic GC: Disabled
Heap:
 garbage-first heap   total 75776K, used 31245K [0x0000000701c00000, 0x0000000800000000)
  region size 2048K, 4 young (8192K), 2 survivors (4096K)
 Metaspace       used 57618K, committed 58112K, reserved 1105920K
  class space    used 7320K, committed 7552K, reserved 1048576K
GC Heap History (20 events):
Event: 1.784 GC heap before
{Heap before GC invocations=2 (full 0):
 garbage-first heap   total 262144K, used 14937K [0x0000000701c00000, 0x0000000800000000)
  region size 2048K, 6 young (12288K), 2 survivors (4096K)
 Metaspace       used 21285K, committed 21504K, reserved 1073152K
  class space    used 2262K, committed 2368K, reserved 1048576K
}
Event: 1.786 GC heap after
{Heap after GC invocations=3 (full 0):
 garbage-first heap   total 262144K, used 8835K [0x0000000701c00000, 0x0000000800000000)
  region size 2048K, 2 young (4096K), 2 survivors (4096K)
 Metaspace       used 21285K, committed 21504K, reserved 1073152K
  class space    used 2262K, committed 2368K, reserved 1048576K
}
Event: 2.481 GC heap before
{Heap before GC invocations=4 (full 0):
 garbage-first heap   total 49152K, used 31363K [0x0000000701c00000, 0x0000000800000000)
  region size 2048K, 14 young (28672K), 2 survivors (4096K)
 Metaspace       used 27160K, committed 27392K, reserved 1081344K
  class space    used 3055K, committed 3200K, reserved 1048576K
}
Event: 2.485 GC heap after
{Heap after GC invocations=5 (full 0):
 garbage-first heap   total 49152K, used 10106K [0x0000000701c00000, 0x0000000800000000)
  region size 2048K, 1 young (2048K), 1 survivors (2048K)
 Metaspace       used 27160K, committed 27392K, reserved 1081344K
  class space    used 3055K, committed 3200K, reserved 1048576K
}
Event: 2.521 GC heap before
{Heap before GC invocations=5 (full 0):
 garbage-first heap   total 49152K, used 12154K [0x0000000701c00000, 0x0000000800000000)
  region size 2048K, 2 young (4096K), 1 survivors (2048K)
 Metaspace       used 27529K, committed 27840K, reserved 1081344K
  class space    used 3116K, committed 3264K, reserved 1048576K
}
Event: 2.524 GC heap after
{Heap after GC invocations=6 (full 0):
 garbage-first heap   total 49152K, used 10356K [0x0000000701c00000, 0x0000000800000000)
  region size 2048K, 1 young (2048K), 1 survivors (2048K)
 Metaspace       used 27529K, committed 27840K, reserved 1081344K
  class space    used 3116K, committed 3264K, reserved 1048576K
}
Event: 2.957 GC heap before
{Heap before GC invocations=6 (full 0):
 garbage-first heap   total 49152K, used 28788K [0x0000000701c00000, 0x0000000800000000)
  region size 2048K, 11 young (22528K), 1 survivors (2048K)
 Metaspace       used 31562K, committed 31872K, reserved 1081344K
  class space    used 3710K, committed 3840K, reserved 1048576K
}
Event: 2.962 GC heap after
{Heap after GC invocations=7 (full 0):
 garbage-first heap   total 49152K, used 12625K [0x0000000701c00000, 0x0000000800000000)
  region size 2048K, 2 young (4096K), 2 survivors (4096K)
 Metaspace       used 31562K, committed 31872K, reserved 1081344K
  class space    used 3710K, committed 3840K, reserved 1048576K
}
Event: 3.418 GC heap before
{Heap before GC invocations=7 (full 0):
 garbage-first heap   total 49152K, used 31057K [0x0000000701c00000, 0x0000000800000000)
  region size 2048K, 11 young (22528K), 2 survivors (4096K)
 Metaspace       used 32939K, committed 33216K, reserved 1081344K
  class space    used 3855K, committed 3968K, reserved 1048576K
}
Event: 3.423 GC heap after
{Heap after GC invocations=8 (full 0):
 garbage-first heap   total 49152K, used 14670K [0x0000000701c00000, 0x0000000800000000)
  region size 2048K, 1 young (2048K), 1 survivors (2048K)
 Metaspace       used 32939K, committed 33216K, reserved 1081344K
  class space    used 3855K, committed 3968K, reserved 1048576K
}
Event: 3.880 GC heap before
{Heap before GC invocations=8 (full 0):
 garbage-first heap   total 49152K, used 31054K [0x0000000701c00000, 0x0000000800000000)
  region size 2048K, 10 young (20480K), 1 survivors (2048K)
 Metaspace       used 34748K, committed 35072K, reserved 1081344K
  class space    used 4087K, committed 4224K, reserved 1048576K
}
Event: 3.885 GC heap after
{Heap after GC invocations=9 (full 0):
 garbage-first heap   total 155648K, used 15997K [0x0000000701c00000, 0x0000000800000000)
  region size 2048K, 2 young (4096K), 2 survivors (4096K)
 Metaspace       used 34748K, committed 35072K, reserved 1081344K
  class space    used 4087K, committed 4224K, reserved 1048576K
}
Event: 4.191 GC heap before
{Heap before GC invocations=9 (full 0):
 garbage-first heap   total 155648K, used 24189K [0x0000000701c00000, 0x0000000800000000)
  region size 2048K, 7 young (14336K), 2 survivors (4096K)
 Metaspace       used 35709K, committed 35968K, reserved 1081344K
  class space    used 4244K, committed 4352K, reserved 1048576K
}
Event: 4.198 GC heap after
{Heap after GC invocations=10 (full 0):
 garbage-first heap   total 155648K, used 16910K [0x0000000701c00000, 0x0000000800000000)
  region size 2048K, 3 young (6144K), 3 survivors (6144K)
 Metaspace       used 35709K, committed 35968K, reserved 1081344K
  class space    used 4244K, committed 4352K, reserved 1048576K
}
Event: 5.474 GC heap before
{Heap before GC invocations=11 (full 0):
 garbage-first heap   total 75776K, used 55822K [0x0000000701c00000, 0x0000000800000000)
  region size 2048K, 22 young (45056K), 3 survivors (6144K)
 Metaspace       used 42350K, committed 42752K, reserved 1089536K
  class space    used 5137K, committed 5312K, reserved 1048576K
}
Event: 5.490 GC heap after
{Heap after GC invocations=12 (full 0):
 garbage-first heap   total 75776K, used 19606K [0x0000000701c00000, 0x0000000800000000)
  region size 2048K, 3 young (6144K), 3 survivors (6144K)
 Metaspace       used 42350K, committed 42752K, reserved 1089536K
  class space    used 5137K, committed 5312K, reserved 1048576K
}
Event: 6.432 GC heap before
{Heap before GC invocations=12 (full 0):
 garbage-first heap   total 75776K, used 52374K [0x0000000701c00000, 0x0000000800000000)
  region size 2048K, 19 young (38912K), 3 survivors (6144K)
 Metaspace       used 47839K, committed 48256K, reserved 1097728K
  class space    used 5868K, committed 6080K, reserved 1048576K
}
Event: 6.441 GC heap after
{Heap after GC invocations=13 (full 0):
 garbage-first heap   total 75776K, used 24147K [0x0000000701c00000, 0x0000000800000000)
  region size 2048K, 3 young (6144K), 3 survivors (6144K)
 Metaspace       used 47839K, committed 48256K, reserved 1097728K
  class space    used 5868K, committed 6080K, reserved 1048576K
}
Event: 7.253 GC heap before
{Heap before GC invocations=13 (full 0):
 garbage-first heap   total 75776K, used 50771K [0x0000000701c00000, 0x0000000800000000)
  region size 2048K, 16 young (32768K), 3 survivors (6144K)
 Metaspace       used 51239K, committed 51648K, reserved 1097728K
  class space    used 6456K, committed 6656K, reserved 1048576K
}
Event: 7.258 GC heap after
{Heap after GC invocations=14 (full 0):
 garbage-first heap   total 75776K, used 26523K [0x0000000701c00000, 0x0000000800000000)
  region size 2048K, 2 young (4096K), 2 survivors (4096K)
 Metaspace       used 51239K, committed 51648K, reserved 1097728K
  class space    used 6456K, committed 6656K, reserved 1048576K
}

